<?xml version="1.0" encoding="UTF-8"?>
<testsuite name="com.point.PointApplicationTests" tests="1" skipped="0" failures="0" errors="0" timestamp="2026-01-10T05:44:20" hostname="hskim.local" time="0.37">
  <properties/>
  <testcase name="contextLoads()" classname="com.point.PointApplicationTests" time="0.37"/>
  <system-out><![CDATA[14:44:17.574 [Test worker] INFO org.springframework.test.context.support.AnnotationConfigContextLoaderUtils -- Could not detect default configuration classes for test class [com.point.PointApplicationTests]: PointApplicationTests does not declare any static, non-private, non-final, nested classes annotated with @Configuration.
14:44:17.628 [Test worker] INFO org.springframework.boot.test.context.SpringBootTestContextBootstrapper -- Found @SpringBootConfiguration com.point.PointApplication for test class com.point.PointApplicationTests

  .   ____          _            __ _ _
 /\\ / ___'_ __ _ _(_)_ __  __ _ \ \ \ \
( ( )\___ | '_ | '_| | '_ \/ _` | \ \ \ \
 \\/  ___)| |_)| | | | | || (_| |  ) ) ) )
  '  |____| .__|_| |_|_| |_\__, | / / / /
 =========|_|==============|___/=/_/_/_/
 :: Spring Boot ::                (v3.2.1)

2026-01-10T14:44:17.826+09:00  INFO 65153 --- [    Test worker] com.point.PointApplicationTests          : Starting PointApplicationTests using Java 20.0.2 with PID 65153 (started by kimhoseok in /Users/kimhoseok/workspace/point)
2026-01-10T14:44:17.826+09:00  INFO 65153 --- [    Test worker] com.point.PointApplicationTests          : No active profile set, falling back to 1 default profile: "default"
2026-01-10T14:44:18.201+09:00  INFO 65153 --- [    Test worker] .s.d.r.c.RepositoryConfigurationDelegate : Bootstrapping Spring Data JPA repositories in DEFAULT mode.
2026-01-10T14:44:18.233+09:00  INFO 65153 --- [    Test worker] .s.d.r.c.RepositoryConfigurationDelegate : Finished Spring Data repository scanning in 28 ms. Found 4 JPA repository interfaces.
2026-01-10T14:44:18.526+09:00  INFO 65153 --- [    Test worker] o.hibernate.jpa.internal.util.LogHelper  : HHH000204: Processing PersistenceUnitInfo [name: default]
2026-01-10T14:44:18.563+09:00  INFO 65153 --- [    Test worker] org.hibernate.Version                    : HHH000412: Hibernate ORM core version 6.4.1.Final
2026-01-10T14:44:18.582+09:00  INFO 65153 --- [    Test worker] o.h.c.internal.RegionFactoryInitiator    : HHH000026: Second-level cache disabled
2026-01-10T14:44:18.714+09:00  INFO 65153 --- [    Test worker] o.s.o.j.p.SpringPersistenceUnitInfo      : No LoadTimeWeaver setup: ignoring JPA class transformer
2026-01-10T14:44:18.727+09:00  INFO 65153 --- [    Test worker] com.zaxxer.hikari.HikariDataSource       : HikariPool-1 - Starting...
2026-01-10T14:44:18.815+09:00  INFO 65153 --- [    Test worker] com.zaxxer.hikari.pool.HikariPool        : HikariPool-1 - Added connection conn0: url=jdbc:h2:mem:testdb user=SA
2026-01-10T14:44:18.815+09:00  INFO 65153 --- [    Test worker] com.zaxxer.hikari.HikariDataSource       : HikariPool-1 - Start completed.
2026-01-10T14:44:19.322+09:00  INFO 65153 --- [    Test worker] o.h.e.t.j.p.i.JtaPlatformInitiator       : HHH000489: No JTA platform available (set 'hibernate.transaction.jta.platform' to enable JTA platform integration)
2026-01-10T14:44:19.354+09:00  INFO 65153 --- [    Test worker] j.LocalContainerEntityManagerFactoryBean : Initialized JPA EntityManagerFactory for persistence unit 'default'
2026-01-10T14:44:19.682+09:00  INFO 65153 --- [    Test worker] o.s.d.j.r.query.QueryEnhancerFactory     : Hibernate is in classpath; If applicable, HQL parser will be used.
2026-01-10T14:44:20.084+09:00  WARN 65153 --- [    Test worker] JpaBaseConfiguration$JpaWebConfiguration : spring.jpa.open-in-view is enabled by default. Therefore, database queries may be performed during view rendering. Explicitly configure spring.jpa.open-in-view to disable this warning
2026-01-10T14:44:20.270+09:00  INFO 65153 --- [    Test worker] com.point.PointApplicationTests          : Started PointApplicationTests in 2.565 seconds (process running for 3.228)
]]></system-out>
  <system-err><![CDATA[]]></system-err>
</testsuite>
