<?xml version="1.0" encoding="UTF-8"?>
<testsuite name="사용 취소 테스트" tests="3" skipped="0" failures="0" errors="0" timestamp="2026-01-10T05:44:21" hostname="hskim.local" time="0.603">
  <properties/>
  <testcase name="취소 가능 금액을 초과하면 예외가 발생한다" classname="com.point.service.PointServiceTest$CancelUseTest" time="0.038"/>
  <testcase name="전체 사용 취소를 한다" classname="com.point.service.PointServiceTest$CancelUseTest" time="0.035"/>
  <testcase name="부분 사용 취소를 한다" classname="com.point.service.PointServiceTest$CancelUseTest" time="0.032"/>
  <system-out><![CDATA[2026-01-10T14:44:21.167+09:00  INFO 65153 --- [    Test worker] t.c.s.AnnotationConfigContextLoaderUtils : Could not detect default configuration classes for test class [com.point.service.PointServiceTest$CancelUseTest]: CancelUseTest does not declare any static, non-private, non-final, nested classes annotated with @Configuration.
2026-01-10T14:44:21.168+09:00  INFO 65153 --- [    Test worker] .b.t.c.SpringBootTestContextBootstrapper : Found @SpringBootConfiguration com.point.PointApplication for test class com.point.service.PointServiceTest$CancelUseTest

  .   ____          _            __ _ _
 /\\ / ___'_ __ _ _(_)_ __  __ _ \ \ \ \
( ( )\___ | '_ | '_| | '_ \/ _` | \ \ \ \
 \\/  ___)| |_)| | | | | || (_| |  ) ) ) )
  '  |____| .__|_| |_|_| |_\__, | / / / /
 =========|_|==============|___/=/_/_/_/
 :: Spring Boot ::                (v3.2.1)

2026-01-10T14:44:21.179+09:00  INFO 65153 --- [    Test worker] com.point.service.PointServiceTest       : Starting PointServiceTest using Java 20.0.2 with PID 65153 (started by kimhoseok in /Users/kimhoseok/workspace/point)
2026-01-10T14:44:21.180+09:00  INFO 65153 --- [    Test worker] com.point.service.PointServiceTest       : No active profile set, falling back to 1 default profile: "default"
2026-01-10T14:44:21.232+09:00  INFO 65153 --- [    Test worker] .s.d.r.c.RepositoryConfigurationDelegate : Bootstrapping Spring Data JPA repositories in DEFAULT mode.
2026-01-10T14:44:21.236+09:00  INFO 65153 --- [    Test worker] .s.d.r.c.RepositoryConfigurationDelegate : Finished Spring Data repository scanning in 4 ms. Found 4 JPA repository interfaces.
2026-01-10T14:44:21.266+09:00  INFO 65153 --- [    Test worker] o.hibernate.jpa.internal.util.LogHelper  : HHH000204: Processing PersistenceUnitInfo [name: default]
2026-01-10T14:44:21.267+09:00  INFO 65153 --- [    Test worker] o.h.c.internal.RegionFactoryInitiator    : HHH000026: Second-level cache disabled
2026-01-10T14:44:21.269+09:00  INFO 65153 --- [    Test worker] o.s.o.j.p.SpringPersistenceUnitInfo      : No LoadTimeWeaver setup: ignoring JPA class transformer
2026-01-10T14:44:21.269+09:00  INFO 65153 --- [    Test worker] com.zaxxer.hikari.HikariDataSource       : HikariPool-3 - Starting...
2026-01-10T14:44:21.270+09:00  INFO 65153 --- [    Test worker] com.zaxxer.hikari.pool.HikariPool        : HikariPool-3 - Added connection conn20: url=jdbc:h2:mem:testdb user=SA
2026-01-10T14:44:21.270+09:00  INFO 65153 --- [    Test worker] com.zaxxer.hikari.HikariDataSource       : HikariPool-3 - Start completed.
2026-01-10T14:44:21.305+09:00  INFO 65153 --- [    Test worker] o.h.e.t.j.p.i.JtaPlatformInitiator       : HHH000489: No JTA platform available (set 'hibernate.transaction.jta.platform' to enable JTA platform integration)
2026-01-10T14:44:21.310+09:00  INFO 65153 --- [    Test worker] j.LocalContainerEntityManagerFactoryBean : Initialized JPA EntityManagerFactory for persistence unit 'default'
2026-01-10T14:44:21.384+09:00  WARN 65153 --- [    Test worker] JpaBaseConfiguration$JpaWebConfiguration : spring.jpa.open-in-view is enabled by default. Therefore, database queries may be performed during view rendering. Explicitly configure spring.jpa.open-in-view to disable this warning
2026-01-10T14:44:21.419+09:00  INFO 65153 --- [    Test worker] com.point.service.PointServiceTest       : Started PointServiceTest in 0.249 seconds (process running for 4.378)
2026-01-10T14:44:21.428+09:00  INFO 65153 --- [    Test worker] com.point.service.PointService           : Point earned: pointKey=361C8FD5, memberId=1, amount=1000, manual=false, expirationDate=2027-01-10T14:44:21.427165
2026-01-10T14:44:21.433+09:00  INFO 65153 --- [    Test worker] com.point.service.PointService           : Point used: pointKey=108C70CC, memberId=1, amount=500, orderId=ORDER001
2026-01-10T14:44:21.445+09:00  INFO 65153 --- [    Test worker] j.LocalContainerEntityManagerFactoryBean : Closing JPA EntityManagerFactory for persistence unit 'default'
2026-01-10T14:44:21.446+09:00  INFO 65153 --- [    Test worker] com.zaxxer.hikari.HikariDataSource       : HikariPool-3 - Shutdown initiated...
2026-01-10T14:44:21.458+09:00  INFO 65153 --- [    Test worker] com.zaxxer.hikari.HikariDataSource       : HikariPool-3 - Shutdown completed.

  .   ____          _            __ _ _
 /\\ / ___'_ __ _ _(_)_ __  __ _ \ \ \ \
( ( )\___ | '_ | '_| | '_ \/ _` | \ \ \ \
 \\/  ___)| |_)| | | | | || (_| |  ) ) ) )
  '  |____| .__|_| |_|_| |_\__, | / / / /
 =========|_|==============|___/=/_/_/_/
 :: Spring Boot ::                (v3.2.1)

2026-01-10T14:44:21.468+09:00  INFO 65153 --- [    Test worker] com.point.service.PointServiceTest       : Starting PointServiceTest using Java 20.0.2 with PID 65153 (started by kimhoseok in /Users/kimhoseok/workspace/point)
2026-01-10T14:44:21.468+09:00  INFO 65153 --- [    Test worker] com.point.service.PointServiceTest       : No active profile set, falling back to 1 default profile: "default"
2026-01-10T14:44:21.522+09:00  INFO 65153 --- [    Test worker] .s.d.r.c.RepositoryConfigurationDelegate : Bootstrapping Spring Data JPA repositories in DEFAULT mode.
2026-01-10T14:44:21.533+09:00  INFO 65153 --- [    Test worker] .s.d.r.c.RepositoryConfigurationDelegate : Finished Spring Data repository scanning in 11 ms. Found 4 JPA repository interfaces.
2026-01-10T14:44:21.563+09:00  INFO 65153 --- [    Test worker] o.hibernate.jpa.internal.util.LogHelper  : HHH000204: Processing PersistenceUnitInfo [name: default]
2026-01-10T14:44:21.565+09:00  INFO 65153 --- [    Test worker] o.h.c.internal.RegionFactoryInitiator    : HHH000026: Second-level cache disabled
2026-01-10T14:44:21.567+09:00  INFO 65153 --- [    Test worker] o.s.o.j.p.SpringPersistenceUnitInfo      : No LoadTimeWeaver setup: ignoring JPA class transformer
2026-01-10T14:44:21.567+09:00  INFO 65153 --- [    Test worker] com.zaxxer.hikari.HikariDataSource       : HikariPool-4 - Starting...
2026-01-10T14:44:21.568+09:00  INFO 65153 --- [    Test worker] com.zaxxer.hikari.pool.HikariPool        : HikariPool-4 - Added connection conn28: url=jdbc:h2:mem:testdb user=SA
2026-01-10T14:44:21.568+09:00  INFO 65153 --- [    Test worker] com.zaxxer.hikari.HikariDataSource       : HikariPool-4 - Start completed.
2026-01-10T14:44:21.601+09:00  INFO 65153 --- [    Test worker] o.h.e.t.j.p.i.JtaPlatformInitiator       : HHH000489: No JTA platform available (set 'hibernate.transaction.jta.platform' to enable JTA platform integration)
2026-01-10T14:44:21.606+09:00  INFO 65153 --- [    Test worker] j.LocalContainerEntityManagerFactoryBean : Initialized JPA EntityManagerFactory for persistence unit 'default'
2026-01-10T14:44:21.667+09:00  WARN 65153 --- [    Test worker] JpaBaseConfiguration$JpaWebConfiguration : spring.jpa.open-in-view is enabled by default. Therefore, database queries may be performed during view rendering. Explicitly configure spring.jpa.open-in-view to disable this warning
2026-01-10T14:44:21.700+09:00  INFO 65153 --- [    Test worker] com.point.service.PointServiceTest       : Started PointServiceTest in 0.24 seconds (process running for 4.658)
2026-01-10T14:44:21.710+09:00  INFO 65153 --- [    Test worker] com.point.service.PointService           : Point earned: pointKey=BF8CA93F, memberId=1, amount=1000, manual=false, expirationDate=2027-01-10T14:44:21.708409
2026-01-10T14:44:21.715+09:00  INFO 65153 --- [    Test worker] com.point.service.PointService           : Point used: pointKey=718B5A3E, memberId=1, amount=500, orderId=ORDER001
2026-01-10T14:44:21.726+09:00  INFO 65153 --- [    Test worker] com.point.service.PointService           : Point use cancelled: originalPointKey=718B5A3E, cancelPointKey=2E9A77D4, cancelledAmount=500
2026-01-10T14:44:21.731+09:00  INFO 65153 --- [    Test worker] j.LocalContainerEntityManagerFactoryBean : Closing JPA EntityManagerFactory for persistence unit 'default'
2026-01-10T14:44:21.732+09:00  INFO 65153 --- [    Test worker] com.zaxxer.hikari.HikariDataSource       : HikariPool-4 - Shutdown initiated...
2026-01-10T14:44:21.735+09:00  INFO 65153 --- [    Test worker] com.zaxxer.hikari.HikariDataSource       : HikariPool-4 - Shutdown completed.

  .   ____          _            __ _ _
 /\\ / ___'_ __ _ _(_)_ __  __ _ \ \ \ \
( ( )\___ | '_ | '_| | '_ \/ _` | \ \ \ \
 \\/  ___)| |_)| | | | | || (_| |  ) ) ) )
  '  |____| .__|_| |_|_| |_\__, | / / / /
 =========|_|==============|___/=/_/_/_/
 :: Spring Boot ::                (v3.2.1)

2026-01-10T14:44:21.745+09:00  INFO 65153 --- [    Test worker] com.point.service.PointServiceTest       : Starting PointServiceTest using Java 20.0.2 with PID 65153 (started by kimhoseok in /Users/kimhoseok/workspace/point)
2026-01-10T14:44:21.745+09:00  INFO 65153 --- [    Test worker] com.point.service.PointServiceTest       : No active profile set, falling back to 1 default profile: "default"
2026-01-10T14:44:21.799+09:00  INFO 65153 --- [    Test worker] .s.d.r.c.RepositoryConfigurationDelegate : Bootstrapping Spring Data JPA repositories in DEFAULT mode.
2026-01-10T14:44:21.803+09:00  INFO 65153 --- [    Test worker] .s.d.r.c.RepositoryConfigurationDelegate : Finished Spring Data repository scanning in 4 ms. Found 4 JPA repository interfaces.
2026-01-10T14:44:21.828+09:00  INFO 65153 --- [    Test worker] o.hibernate.jpa.internal.util.LogHelper  : HHH000204: Processing PersistenceUnitInfo [name: default]
2026-01-10T14:44:21.828+09:00  INFO 65153 --- [    Test worker] o.h.c.internal.RegionFactoryInitiator    : HHH000026: Second-level cache disabled
2026-01-10T14:44:21.830+09:00  INFO 65153 --- [    Test worker] o.s.o.j.p.SpringPersistenceUnitInfo      : No LoadTimeWeaver setup: ignoring JPA class transformer
2026-01-10T14:44:21.830+09:00  INFO 65153 --- [    Test worker] com.zaxxer.hikari.HikariDataSource       : HikariPool-5 - Starting...
2026-01-10T14:44:21.830+09:00  INFO 65153 --- [    Test worker] com.zaxxer.hikari.pool.HikariPool        : HikariPool-5 - Added connection conn34: url=jdbc:h2:mem:testdb user=SA
2026-01-10T14:44:21.831+09:00  INFO 65153 --- [    Test worker] com.zaxxer.hikari.HikariDataSource       : HikariPool-5 - Start completed.
2026-01-10T14:44:21.861+09:00  INFO 65153 --- [    Test worker] o.h.e.t.j.p.i.JtaPlatformInitiator       : HHH000489: No JTA platform available (set 'hibernate.transaction.jta.platform' to enable JTA platform integration)
2026-01-10T14:44:21.865+09:00  INFO 65153 --- [    Test worker] j.LocalContainerEntityManagerFactoryBean : Initialized JPA EntityManagerFactory for persistence unit 'default'
2026-01-10T14:44:21.955+09:00  WARN 65153 --- [    Test worker] JpaBaseConfiguration$JpaWebConfiguration : spring.jpa.open-in-view is enabled by default. Therefore, database queries may be performed during view rendering. Explicitly configure spring.jpa.open-in-view to disable this warning
2026-01-10T14:44:21.991+09:00  INFO 65153 --- [    Test worker] com.point.service.PointServiceTest       : Started PointServiceTest in 0.254 seconds (process running for 4.949)
2026-01-10T14:44:22.001+09:00  INFO 65153 --- [    Test worker] com.point.service.PointService           : Point earned: pointKey=5CF4518A, memberId=1, amount=1000, manual=false, expirationDate=2027-01-10T14:44:22.000110
2026-01-10T14:44:22.007+09:00  INFO 65153 --- [    Test worker] com.point.service.PointService           : Point used: pointKey=A8B10C98, memberId=1, amount=500, orderId=ORDER001
2026-01-10T14:44:22.014+09:00  INFO 65153 --- [    Test worker] com.point.service.PointService           : Point use cancelled: originalPointKey=A8B10C98, cancelPointKey=0F8FFB75, cancelledAmount=300
2026-01-10T14:44:22.019+09:00  INFO 65153 --- [    Test worker] j.LocalContainerEntityManagerFactoryBean : Closing JPA EntityManagerFactory for persistence unit 'default'
2026-01-10T14:44:22.020+09:00  INFO 65153 --- [    Test worker] com.zaxxer.hikari.HikariDataSource       : HikariPool-5 - Shutdown initiated...
2026-01-10T14:44:22.024+09:00  INFO 65153 --- [    Test worker] com.zaxxer.hikari.HikariDataSource       : HikariPool-5 - Shutdown completed.
]]></system-out>
  <system-err><![CDATA[]]></system-err>
</testsuite>
