<?xml version="1.0" encoding="UTF-8"?>
<testsuite name="적립 취소 테스트" tests="2" skipped="0" failures="0" errors="0" timestamp="2026-01-10T05:44:23" hostname="hskim.local" time="0.225">
  <properties/>
  <testcase name="정상적으로 적립을 취소한다" classname="com.point.service.PointServiceTest$CancelEarnTest" time="0.016"/>
  <testcase name="일부라도 사용된 포인트는 적립 취소할 수 없다" classname="com.point.service.PointServiceTest$CancelEarnTest" time="0.026"/>
  <system-out><![CDATA[2026-01-10T14:44:23.004+09:00  INFO 65153 --- [    Test worker] t.c.s.AnnotationConfigContextLoaderUtils : Could not detect default configuration classes for test class [com.point.service.PointServiceTest$CancelEarnTest]: CancelEarnTest does not declare any static, non-private, non-final, nested classes annotated with @Configuration.
2026-01-10T14:44:23.005+09:00  INFO 65153 --- [    Test worker] .b.t.c.SpringBootTestContextBootstrapper : Found @SpringBootConfiguration com.point.PointApplication for test class com.point.service.PointServiceTest$CancelEarnTest

  .   ____          _            __ _ _
 /\\ / ___'_ __ _ _(_)_ __  __ _ \ \ \ \
( ( )\___ | '_ | '_| | '_ \/ _` | \ \ \ \
 \\/  ___)| |_)| | | | | || (_| |  ) ) ) )
  '  |____| .__|_| |_|_| |_\__, | / / / /
 =========|_|==============|___/=/_/_/_/
 :: Spring Boot ::                (v3.2.1)

2026-01-10T14:44:23.014+09:00  INFO 65153 --- [    Test worker] com.point.service.PointServiceTest       : Starting PointServiceTest using Java 20.0.2 with PID 65153 (started by kimhoseok in /Users/kimhoseok/workspace/point)
2026-01-10T14:44:23.014+09:00  INFO 65153 --- [    Test worker] com.point.service.PointServiceTest       : No active profile set, falling back to 1 default profile: "default"
2026-01-10T14:44:23.066+09:00  INFO 65153 --- [    Test worker] .s.d.r.c.RepositoryConfigurationDelegate : Bootstrapping Spring Data JPA repositories in DEFAULT mode.
2026-01-10T14:44:23.071+09:00  INFO 65153 --- [    Test worker] .s.d.r.c.RepositoryConfigurationDelegate : Finished Spring Data repository scanning in 4 ms. Found 4 JPA repository interfaces.
2026-01-10T14:44:23.092+09:00  INFO 65153 --- [    Test worker] o.hibernate.jpa.internal.util.LogHelper  : HHH000204: Processing PersistenceUnitInfo [name: default]
2026-01-10T14:44:23.093+09:00  INFO 65153 --- [    Test worker] o.h.c.internal.RegionFactoryInitiator    : HHH000026: Second-level cache disabled
2026-01-10T14:44:23.094+09:00  INFO 65153 --- [    Test worker] o.s.o.j.p.SpringPersistenceUnitInfo      : No LoadTimeWeaver setup: ignoring JPA class transformer
2026-01-10T14:44:23.094+09:00  INFO 65153 --- [    Test worker] com.zaxxer.hikari.HikariDataSource       : HikariPool-10 - Starting...
2026-01-10T14:44:23.095+09:00  INFO 65153 --- [    Test worker] com.zaxxer.hikari.pool.HikariPool        : HikariPool-10 - Added connection conn60: url=jdbc:h2:mem:testdb user=SA
2026-01-10T14:44:23.095+09:00  INFO 65153 --- [    Test worker] com.zaxxer.hikari.HikariDataSource       : HikariPool-10 - Start completed.
2026-01-10T14:44:23.120+09:00  INFO 65153 --- [    Test worker] o.h.e.t.j.p.i.JtaPlatformInitiator       : HHH000489: No JTA platform available (set 'hibernate.transaction.jta.platform' to enable JTA platform integration)
2026-01-10T14:44:23.123+09:00  INFO 65153 --- [    Test worker] j.LocalContainerEntityManagerFactoryBean : Initialized JPA EntityManagerFactory for persistence unit 'default'
2026-01-10T14:44:23.173+09:00  WARN 65153 --- [    Test worker] JpaBaseConfiguration$JpaWebConfiguration : spring.jpa.open-in-view is enabled by default. Therefore, database queries may be performed during view rendering. Explicitly configure spring.jpa.open-in-view to disable this warning
2026-01-10T14:44:23.207+09:00  INFO 65153 --- [    Test worker] com.point.service.PointServiceTest       : Started PointServiceTest in 0.201 seconds (process running for 6.166)
2026-01-10T14:44:23.215+09:00  INFO 65153 --- [    Test worker] com.point.service.PointService           : Point earned: pointKey=719B94E5, memberId=1, amount=1000, manual=false, expirationDate=2027-01-10T14:44:23.214480
2026-01-10T14:44:23.219+09:00  INFO 65153 --- [    Test worker] com.point.service.PointService           : Point earn cancelled: originalPointKey=719B94E5, cancelPointKey=6DDE6F88, amount=1000
2026-01-10T14:44:23.223+09:00  INFO 65153 --- [    Test worker] j.LocalContainerEntityManagerFactoryBean : Closing JPA EntityManagerFactory for persistence unit 'default'
2026-01-10T14:44:23.224+09:00  INFO 65153 --- [    Test worker] com.zaxxer.hikari.HikariDataSource       : HikariPool-10 - Shutdown initiated...
2026-01-10T14:44:23.225+09:00  INFO 65153 --- [    Test worker] com.zaxxer.hikari.HikariDataSource       : HikariPool-10 - Shutdown completed.

  .   ____          _            __ _ _
 /\\ / ___'_ __ _ _(_)_ __  __ _ \ \ \ \
( ( )\___ | '_ | '_| | '_ \/ _` | \ \ \ \
 \\/  ___)| |_)| | | | | || (_| |  ) ) ) )
  '  |____| .__|_| |_|_| |_\__, | / / / /
 =========|_|==============|___/=/_/_/_/
 :: Spring Boot ::                (v3.2.1)

2026-01-10T14:44:23.233+09:00  INFO 65153 --- [    Test worker] com.point.service.PointServiceTest       : Starting PointServiceTest using Java 20.0.2 with PID 65153 (started by kimhoseok in /Users/kimhoseok/workspace/point)
2026-01-10T14:44:23.233+09:00  INFO 65153 --- [    Test worker] com.point.service.PointServiceTest       : No active profile set, falling back to 1 default profile: "default"
2026-01-10T14:44:23.277+09:00  INFO 65153 --- [    Test worker] .s.d.r.c.RepositoryConfigurationDelegate : Bootstrapping Spring Data JPA repositories in DEFAULT mode.
2026-01-10T14:44:23.281+09:00  INFO 65153 --- [    Test worker] .s.d.r.c.RepositoryConfigurationDelegate : Finished Spring Data repository scanning in 3 ms. Found 4 JPA repository interfaces.
2026-01-10T14:44:23.300+09:00  INFO 65153 --- [    Test worker] o.hibernate.jpa.internal.util.LogHelper  : HHH000204: Processing PersistenceUnitInfo [name: default]
2026-01-10T14:44:23.301+09:00  INFO 65153 --- [    Test worker] o.h.c.internal.RegionFactoryInitiator    : HHH000026: Second-level cache disabled
2026-01-10T14:44:23.302+09:00  INFO 65153 --- [    Test worker] o.s.o.j.p.SpringPersistenceUnitInfo      : No LoadTimeWeaver setup: ignoring JPA class transformer
2026-01-10T14:44:23.303+09:00  INFO 65153 --- [    Test worker] com.zaxxer.hikari.HikariDataSource       : HikariPool-11 - Starting...
2026-01-10T14:44:23.304+09:00  INFO 65153 --- [    Test worker] com.zaxxer.hikari.pool.HikariPool        : HikariPool-11 - Added connection conn63: url=jdbc:h2:mem:testdb user=SA
2026-01-10T14:44:23.304+09:00  INFO 65153 --- [    Test worker] com.zaxxer.hikari.HikariDataSource       : HikariPool-11 - Start completed.
2026-01-10T14:44:23.329+09:00  INFO 65153 --- [    Test worker] o.h.e.t.j.p.i.JtaPlatformInitiator       : HHH000489: No JTA platform available (set 'hibernate.transaction.jta.platform' to enable JTA platform integration)
2026-01-10T14:44:23.333+09:00  INFO 65153 --- [    Test worker] j.LocalContainerEntityManagerFactoryBean : Initialized JPA EntityManagerFactory for persistence unit 'default'
2026-01-10T14:44:23.381+09:00  WARN 65153 --- [    Test worker] JpaBaseConfiguration$JpaWebConfiguration : spring.jpa.open-in-view is enabled by default. Therefore, database queries may be performed during view rendering. Explicitly configure spring.jpa.open-in-view to disable this warning
2026-01-10T14:44:23.406+09:00  INFO 65153 --- [    Test worker] com.point.service.PointServiceTest       : Started PointServiceTest in 0.18 seconds (process running for 6.364)
2026-01-10T14:44:23.415+09:00  INFO 65153 --- [    Test worker] com.point.service.PointService           : Point earned: pointKey=466940C1, memberId=1, amount=1000, manual=false, expirationDate=2027-01-10T14:44:23.413768
2026-01-10T14:44:23.418+09:00  INFO 65153 --- [    Test worker] com.point.service.PointService           : Point used: pointKey=C532C179, memberId=1, amount=500, orderId=ORDER001
2026-01-10T14:44:23.427+09:00  INFO 65153 --- [    Test worker] j.LocalContainerEntityManagerFactoryBean : Closing JPA EntityManagerFactory for persistence unit 'default'
2026-01-10T14:44:23.428+09:00  INFO 65153 --- [    Test worker] com.zaxxer.hikari.HikariDataSource       : HikariPool-11 - Shutdown initiated...
2026-01-10T14:44:23.433+09:00  INFO 65153 --- [    Test worker] com.zaxxer.hikari.HikariDataSource       : HikariPool-11 - Shutdown completed.
]]></system-out>
  <system-err><![CDATA[]]></system-err>
</testsuite>
